[  0%] Built target geometry_msgs_generate_messages_lisp
[  0%] Built target _cw2_world_spawner_generate_messages_check_deps_Task2Service
[  0%] Built target _cw2_world_spawner_generate_messages_check_deps_Task3Service
[  0%] Built target _cw2_world_spawner_generate_messages_check_deps_Task1Service
[  0%] Built target std_msgs_generate_messages_lisp
[  0%] Built target _cw2_world_spawner_generate_messages_check_deps_TaskSetup
[  0%] Built target geometry_msgs_generate_messages_nodejs
[  0%] Built target std_msgs_generate_messages_nodejs
[  0%] Built target std_msgs_generate_messages_eus
[  0%] Built target geometry_msgs_generate_messages_eus
[  0%] Built target geometry_msgs_generate_messages_cpp
[  0%] Built target std_msgs_generate_messages_cpp
[  0%] Built target geometry_msgs_generate_messages_py
[  0%] Built target std_msgs_generate_messages_py
[ 18%] Built target cw2_world_spawner_generate_messages_lisp
[ 36%] Built target cw2_world_spawner_generate_messages_nodejs
[ 59%] Built target cw2_world_spawner_generate_messages_eus
[ 77%] Built target cw2_world_spawner_generate_messages_cpp
[100%] Built target cw2_world_spawner_generate_messages_py
[100%] Built target cw2_world_spawner_generate_messages
