Symlinking /home/ayush/Documents/CW/cw2RoboVisionSensingAndNavigation/devel/include/cw2_team_x/exampleRequest.h
Symlinking /home/ayush/Documents/CW/cw2RoboVisionSensingAndNavigation/devel/include/cw2_team_x/example.h
Symlinking /home/ayush/Documents/CW/cw2RoboVisionSensingAndNavigation/devel/include/cw2_team_x/exampleResponse.h
Symlinking /home/ayush/Documents/CW/cw2RoboVisionSensingAndNavigation/devel/lib/libcw2_team_x_cw2_class_lib.so
Symlinking /home/ayush/Documents/CW/cw2RoboVisionSensingAndNavigation/devel/lib/cw2_team_x/cw2_solution_node
Symlinking /home/ayush/Documents/CW/cw2RoboVisionSensingAndNavigation/devel/lib/python3/dist-packages/cw2_team_x/__init__.py
Symlinking /home/ayush/Documents/CW/cw2RoboVisionSensingAndNavigation/devel/lib/python3/dist-packages/cw2_team_x/srv/__init__.py
Symlinking /home/ayush/Documents/CW/cw2RoboVisionSensingAndNavigation/devel/lib/python3/dist-packages/cw2_team_x/srv/_example.py
Symlinking /home/ayush/Documents/CW/cw2RoboVisionSensingAndNavigation/devel/lib/pkgconfig/cw2_team_x.pc
Symlinking /home/ayush/Documents/CW/cw2RoboVisionSensingAndNavigation/devel/share/gennodejs/ros/cw2_team_x/_index.js
Symlinking /home/ayush/Documents/CW/cw2RoboVisionSensingAndNavigation/devel/share/gennodejs/ros/cw2_team_x/srv/_index.js
Symlinking /home/ayush/Documents/CW/cw2RoboVisionSensingAndNavigation/devel/share/gennodejs/ros/cw2_team_x/srv/example.js
Symlinking /home/ayush/Documents/CW/cw2RoboVisionSensingAndNavigation/devel/share/cw2_team_x/cmake/cw2_team_x-msg-paths.cmake
Symlinking /home/ayush/Documents/CW/cw2RoboVisionSensingAndNavigation/devel/share/cw2_team_x/cmake/cw2_team_xConfig.cmake
Symlinking /home/ayush/Documents/CW/cw2RoboVisionSensingAndNavigation/devel/share/cw2_team_x/cmake/cw2_team_xConfig-version.cmake
Symlinking /home/ayush/Documents/CW/cw2RoboVisionSensingAndNavigation/devel/share/cw2_team_x/cmake/cw2_team_x-msg-extras.cmake
Symlinking /home/ayush/Documents/CW/cw2RoboVisionSensingAndNavigation/devel/share/common-lisp/ros/cw2_team_x/srv/example.lisp
Symlinking /home/ayush/Documents/CW/cw2RoboVisionSensingAndNavigation/devel/share/common-lisp/ros/cw2_team_x/srv/_package_example.lisp
Symlinking /home/ayush/Documents/CW/cw2RoboVisionSensingAndNavigation/devel/share/common-lisp/ros/cw2_team_x/srv/cw2_team_x-srv.asd
Symlinking /home/ayush/Documents/CW/cw2RoboVisionSensingAndNavigation/devel/share/common-lisp/ros/cw2_team_x/srv/_package.lisp
Symlinking /home/ayush/Documents/CW/cw2RoboVisionSensingAndNavigation/devel/share/roseus/ros/cw2_team_x/manifest.l
Symlinking /home/ayush/Documents/CW/cw2RoboVisionSensingAndNavigation/devel/share/roseus/ros/cw2_team_x/srv/example.l
